#
# There is insufficient memory for the Java Runtime Environment to continue.
# Native memory allocation (malloc) failed to allocate 1048576 bytes for AllocateHeap
# Possible reasons:
#   The system is out of physical RAM or swap space
#   In 32 bit mode, the process size limit was hit
# Possible solutions:
#   Reduce memory load on the system
#   Increase physical memory or swap space
#   Check if swap backing store is full
#   Use 64 bit Java on a 64 bit OS
#   Decrease Java heap size (-Xmx/-Xms)
#   Decrease number of Java threads
#   Decrease Java thread stack sizes (-Xss)
#   Set larger code cache with -XX:ReservedCodeCacheSize=
# This output file may be truncated or incomplete.
#
#  Out of Memory Error (memory/allocation.inline.hpp:61), pid=17576, tid=0x00000000000069a0
#
# JRE version:  (8.0_111-b14) (build )
# Java VM: Java HotSpot(TM) 64-Bit Server VM (25.111-b14 mixed mode windows-amd64 compressed oops)
# Failed to write core dump. Minidumps are not enabled by default on client versions of Windows
#

---------------  T H R E A D  ---------------

Current thread (0x000000000292d800):  JavaThread "Unknown thread" [_thread_in_vm, id=27040, stack(0x0000000002730000,0x0000000002830000)]

Stack: [0x0000000002730000,0x0000000002830000]
[error occurred during error reporting (printing stack bounds), id 0xc0000005]

Native frames: (J=compiled Java code, j=interpreted, Vv=VM code, C=native code)


---------------  P R O C E S S  ---------------

Java Threads: ( => current thread )

Other Threads:

=>0x000000000292d800 (exited) JavaThread "Unknown thread" [_thread_in_vm, id=27040, stack(0x0000000002730000,0x0000000002830000)]

VM state:not at safepoint (normal execution)

VM Mutex/Monitor currently owned by a thread: None

Heap:
 PSYoungGen      total 37888K, used 655K [0x00000000d6580000, 0x00000000d8f80000, 0x0000000100000000)
  eden space 32768K, 2% used [0x00000000d6580000,0x00000000d6623d80,0x00000000d8580000)
  from space 5120K, 0% used [0x00000000d8a80000,0x00000000d8a80000,0x00000000d8f80000)
  to   space 5120K, 0% used [0x00000000d8580000,0x00000000d8580000,0x00000000d8a80000)
 ParOldGen       total 86016K, used 0K [0x0000000083000000, 0x0000000088400000, 0x00000000d6580000)
  object space 86016K, 0% used [0x0000000083000000,0x0000000083000000,0x0000000088400000)
 Metaspace       used 770K, capacity 4480K, committed 4480K, reserved 1056768K
  class space    used 75K, capacity 384K, committed 384K, reserved 1048576K

Card table byte_map: [0x0000000011df0000,0x00000000121e0000] byte_map_base: 0x00000000119d8000

Marking Bits: (ParMarkBitMap*) 0x000000005a60a6c0
 Begin Bits: [0x0000000012c80000, 0x0000000014bc0000)
 End Bits:   [0x0000000014bc0000, 0x0000000016b00000)

Polling page: 0x0000000000ec0000

CodeCache: size=245760Kb used=328Kb max_used=328Kb free=245431Kb
 bounds [0x0000000002a30000, 0x0000000002ca0000, 0x0000000011a30000]
 total_blobs=58 nmethods=0 adapters=38
 compilation: enabled

Compilation events (0 events):
No events

GC Heap History (0 events):
No events

Deoptimization events (0 events):
No events

Internal exceptions (0 events):
No events

Events (10 events):
Event: 0.023 loading class java/lang/Short
Event: 0.023 loading class java/lang/Short done
Event: 0.023 loading class java/lang/Integer
Event: 0.023 loading class java/lang/Integer done
Event: 0.023 loading class java/lang/Long
Event: 0.024 loading class java/lang/Long done
Event: 0.025 loading class java/lang/NullPointerException
Event: 0.025 loading class java/lang/NullPointerException done
Event: 0.025 loading class java/lang/ArithmeticException
Event: 0.025 loading class java/lang/ArithmeticException done


Dynamic libraries:
0x00007ff7f0620000 - 0x00007ff7f0657000 	C:\Program Files\Java\jdk1.8.0_111\jre\bin\java.exe
0x00007ffbca230000 - 0x00007ffbca426000 	C:\WINDOWS\SYSTEM32\ntdll.dll
0x00007ffbc9cc0000 - 0x00007ffbc9d7d000 	C:\WINDOWS\System32\KERNEL32.DLL
0x00007ffbc7c30000 - 0x00007ffbc7ef8000 	C:\WINDOWS\System32\KERNELBASE.dll
0x00007ffbc9f30000 - 0x00007ffbc9fdc000 	C:\WINDOWS\System32\ADVAPI32.dll
0x00007ffbc9fe0000 - 0x00007ffbca07e000 	C:\WINDOWS\System32\msvcrt.dll
0x00007ffbc87a0000 - 0x00007ffbc883b000 	C:\WINDOWS\System32\sechost.dll
0x00007ffbc8f90000 - 0x00007ffbc90b4000 	C:\WINDOWS\System32\RPCRT4.dll
0x00007ffbc9960000 - 0x00007ffbc9b00000 	C:\WINDOWS\System32\USER32.dll
0x00007ffbc81e0000 - 0x00007ffbc8202000 	C:\WINDOWS\System32\win32u.dll
0x00007ffbca150000 - 0x00007ffbca17a000 	C:\WINDOWS\System32\GDI32.dll
0x00007ffbc7a10000 - 0x00007ffbc7b19000 	C:\WINDOWS\System32\gdi32full.dll
0x00007ffbc7970000 - 0x00007ffbc7a0d000 	C:\WINDOWS\System32\msvcp_win.dll
0x00007ffbc7f80000 - 0x00007ffbc8080000 	C:\WINDOWS\System32\ucrtbase.dll
0x00007ffba7a50000 - 0x00007ffba7ceb000 	C:\WINDOWS\WinSxS\amd64_microsoft.windows.common-controls_6595b64144ccf1df_6.0.19041.488_none_ca04af081b815d21\COMCTL32.dll
0x00007ffbc9c30000 - 0x00007ffbc9c60000 	C:\WINDOWS\System32\IMM32.DLL
0x0000000059d10000 - 0x0000000059de2000 	C:\Program Files\Java\jdk1.8.0_111\jre\bin\msvcr100.dll
0x0000000059df0000 - 0x000000005a68a000 	C:\Program Files\Java\jdk1.8.0_111\jre\bin\server\jvm.dll
0x00007ffbc9620000 - 0x00007ffbc9628000 	C:\WINDOWS\System32\PSAPI.DLL
0x00007ffbbf9a0000 - 0x00007ffbbf9aa000 	C:\WINDOWS\SYSTEM32\VERSION.dll
0x00007ffbc3ce0000 - 0x00007ffbc3ce9000 	C:\WINDOWS\SYSTEM32\WSOCK32.dll
0x00007ffbb36f0000 - 0x00007ffbb3717000 	C:\WINDOWS\SYSTEM32\WINMM.dll
0x00007ffbca180000 - 0x00007ffbca1eb000 	C:\WINDOWS\System32\WS2_32.dll
0x000000005b680000 - 0x000000005b68f000 	C:\Program Files\Java\jdk1.8.0_111\jre\bin\verify.dll
0x0000000059ce0000 - 0x0000000059d09000 	C:\Program Files\Java\jdk1.8.0_111\jre\bin\java.dll
0x0000000059cc0000 - 0x0000000059cd6000 	C:\Program Files\Java\jdk1.8.0_111\jre\bin\zip.dll

VM Arguments:
jvm_args: -Dfile.encoding=UTF-8 
java_command: Interface.Interface
java_class_path (initial): C:\Users\fishe\OneDrive\Documents\ECE - INGE 3\java\projet java\Projet-JAVA\Projet-JAVA\build\classes
Launcher Type: SUN_STANDARD

Environment Variables:
PATH=C:\Program Files (x86)\Common Files\Oracle\Java\javapath;C:\Program Files\AdoptOpenJDK\jdk-11.0.6.10-hotspot\bin;C:\windows\system32;C:\windows;C:\windows\System32\Wbem;C:\windows\System32\WindowsPowerShell\v1.0\;C:\windows\System32\OpenSSH\;C:\Program Files (x86)\NVIDIA Corporation\PhysX\Common;C:\Program Files\NVIDIA Corporation\NVIDIA NvDLISR;C:\Program Files (x86)\IVI Foundation\VISA\WinNT\Bin\;C:\Program Files\IVI Foundation\VISA\Win64\Bin\;C:\Program Files (x86)\IVI Foundation\VISA\WinNT\Bin;C:\Program Files\PuTTY\;C:\WINDOWS\system32;C:\WINDOWS;C:\WINDOWS\System32\Wbem;C:\WINDOWS\System32\WindowsPowerShell\v1.0\;C:\WINDOWS\System32\OpenSSH\;C:\Program Files\Git\cmd;C:\Program Files\Git\mingw64\bin;C:\Program Files\Git\usr\bin;C:\Users\fishe\AppData\Local\Microsoft\WindowsApps
USERNAME=fishe
OS=Windows_NT
PROCESSOR_IDENTIFIER=Intel64 Family 6 Model 158 Stepping 10, GenuineIntel



---------------  S Y S T E M  ---------------

OS: Windows 10.0 , 64 bit Build 19041 (10.0.19041.546)

CPU:total 8 (4 cores per cpu, 2 threads per core) family 6 model 158 stepping 10, cmov, cx8, fxsr, mmx, sse, sse2, sse3, ssse3, sse4.1, sse4.2, popcnt, avx, avx2, aes, clmul, erms, 3dnowpref, lzcnt, ht, tsc, tscinvbit, bmi1, bmi2, adx

Memory: 4k page, physical 8191244k(713712k free), swap 33357068k(5208k free)

vm_info: Java HotSpot(TM) 64-Bit Server VM (25.111-b14) for windows-amd64 JRE (1.8.0_111-b14), built on Sep 22 2016 19:24:05 by "java_re" with MS VC++ 10.0 (VS2010)

time: Thu Nov 26 18:27:55 2020
elapsed time: 0 seconds (0d 0h 0m 0s)

